<?xml version="1.0" encoding="UTF-8"?>
<!-- Generated by org.testng.reporters.JUnitReportReporter -->
<testsuite hostname="DESKTOP-N146C8M" failures="0" tests="1" name="Greenmouse.BOG_App.Login" time="22.259" errors="0" timestamp="4 Jun 2023 11:11:25 GMT">
  <testcase classname="Greenmouse.BOG_App.Login" name="login" time="22.259"/>
</testsuite> <!-- Greenmouse.BOG_App.Login -->
